<?xml version="1.0" encoding="UTF-8" ?>
<testsuites>
  <testsuite errors="0" failures="0" hostname="INPriya.local" id="0" name="BookLibraryTest" package="com.twu.biblioteca" skipped="0" tests="3" time="0.173" timestamp="2015-09-08T02:09:16">
      <properties>
[...]
</properties>

      <testcase classname="com.twu.biblioteca.BookLibraryTest" name="shouldNotAllowCheckOutOfAlreadyCheckedOutBooks" time="0.133" />

      <testcase classname="com.twu.biblioteca.BookLibraryTest" name="shouldCheckIfBookIsNotInAvailableBookList" time="0.0" />

      <testcase classname="com.twu.biblioteca.BookLibraryTest" name="shouldCheckIfBookIsInAvailableBookList" time="0.0" />

      <system-out><![CDATA[07:39:16,158 |-INFO in ch.qos.logback.classic.LoggerContext[default] - Could NOT find resource [logback.groovy]
07:39:16,158 |-INFO in ch.qos.logback.classic.LoggerContext[default] - Could NOT find resource [logback-test.xml]
07:39:16,158 |-INFO in ch.qos.logback.classic.LoggerContext[default] - Found resource [logback.xml] at [jar:file:/Users/admin/TWU_Biblioteca-master/cobertura-2.1.1-sources.jar!/logback.xml]
07:39:16,159 |-WARN in ch.qos.logback.classic.LoggerContext[default] - Resource [logback.xml] occurs multiple times on the classpath.
07:39:16,159 |-WARN in ch.qos.logback.classic.LoggerContext[default] - Resource [logback.xml] occurs at [jar:file:/Users/admin/TWU_Biblioteca-master/cobertura-2.1.1.jar!/logback.xml]
07:39:16,159 |-WARN in ch.qos.logback.classic.LoggerContext[default] - Resource [logback.xml] occurs at [jar:file:/Users/admin/TWU_Biblioteca-master/cobertura-2.1.1-sources.jar!/logback.xml]
07:39:16,159 |-WARN in ch.qos.logback.classic.LoggerContext[default] - Resource [logback.xml] occurs at [jar:file:/Users/admin/TWU_Biblioteca-master/lib/cobertura-2.1.1.jar!/logback.xml]
07:39:16,159 |-WARN in ch.qos.logback.classic.LoggerContext[default] - Resource [logback.xml] occurs at [jar:file:/Users/admin/TWU_Biblioteca-master/lib/cobertura-2.1.1-sources.jar!/logback.xml]
07:39:16,173 |-INFO in ch.qos.logback.core.joran.spi.ConfigurationWatchList@548b7f67 - URL [jar:file:/Users/admin/TWU_Biblioteca-master/cobertura-2.1.1-sources.jar!/logback.xml] is not of type file
07:39:16,203 |-INFO in ch.qos.logback.classic.joran.action.ConfigurationAction - debug attribute not set
07:39:16,205 |-INFO in ch.qos.logback.core.joran.action.AppenderAction - About to instantiate appender of type [ch.qos.logback.core.ConsoleAppender]
07:39:16,210 |-INFO in ch.qos.logback.core.joran.action.AppenderAction - Naming appender as [STDOUT]
07:39:16,225 |-INFO in ch.qos.logback.core.joran.action.NestedComplexPropertyIA - Assuming default type [ch.qos.logback.classic.encoder.PatternLayoutEncoder] for [encoder] property
07:39:16,249 |-INFO in ch.qos.logback.classic.joran.action.LoggerAction - Setting level of logger [net.sourceforge.cobertura] to INFO
07:39:16,249 |-INFO in ch.qos.logback.classic.joran.action.RootLoggerAction - Setting level of ROOT logger to DEBUG
07:39:16,249 |-INFO in ch.qos.logback.core.joran.action.AppenderRefAction - Attaching appender named [STDOUT] to Logger[ROOT]
07:39:16,250 |-INFO in ch.qos.logback.classic.joran.action.ConfigurationAction - End of configuration.
07:39:16,250 |-INFO in ch.qos.logback.classic.joran.JoranConfigurator@7ac7a4e4 - Registering current configuration as safe fallback point

]]></system-out>

      <system-err><![CDATA[]]></system-err>

  </testsuite>
  <testsuite errors="0" failures="0" hostname="INPriya.local" id="1" name="BookTest" package="com.twu.biblioteca" skipped="0" tests="1" time="0.179" timestamp="2015-09-08T02:09:17">
      <properties>
[...]
</properties>

      <testcase classname="com.twu.biblioteca.BookTest" name="shouldReturnConcatenatedStringOfBook" time="0.14" />

      <system-out><![CDATA[07:39:17,583 |-INFO in ch.qos.logback.classic.LoggerContext[default] - Could NOT find resource [logback.groovy]
07:39:17,584 |-INFO in ch.qos.logback.classic.LoggerContext[default] - Could NOT find resource [logback-test.xml]
07:39:17,584 |-INFO in ch.qos.logback.classic.LoggerContext[default] - Found resource [logback.xml] at [jar:file:/Users/admin/TWU_Biblioteca-master/cobertura-2.1.1-sources.jar!/logback.xml]
07:39:17,584 |-WARN in ch.qos.logback.classic.LoggerContext[default] - Resource [logback.xml] occurs multiple times on the classpath.
07:39:17,584 |-WARN in ch.qos.logback.classic.LoggerContext[default] - Resource [logback.xml] occurs at [jar:file:/Users/admin/TWU_Biblioteca-master/cobertura-2.1.1.jar!/logback.xml]
07:39:17,584 |-WARN in ch.qos.logback.classic.LoggerContext[default] - Resource [logback.xml] occurs at [jar:file:/Users/admin/TWU_Biblioteca-master/cobertura-2.1.1-sources.jar!/logback.xml]
07:39:17,584 |-WARN in ch.qos.logback.classic.LoggerContext[default] - Resource [logback.xml] occurs at [jar:file:/Users/admin/TWU_Biblioteca-master/lib/cobertura-2.1.1.jar!/logback.xml]
07:39:17,584 |-WARN in ch.qos.logback.classic.LoggerContext[default] - Resource [logback.xml] occurs at [jar:file:/Users/admin/TWU_Biblioteca-master/lib/cobertura-2.1.1-sources.jar!/logback.xml]
07:39:17,602 |-INFO in ch.qos.logback.core.joran.spi.ConfigurationWatchList@548b7f67 - URL [jar:file:/Users/admin/TWU_Biblioteca-master/cobertura-2.1.1-sources.jar!/logback.xml] is not of type file
07:39:17,635 |-INFO in ch.qos.logback.classic.joran.action.ConfigurationAction - debug attribute not set
07:39:17,636 |-INFO in ch.qos.logback.core.joran.action.AppenderAction - About to instantiate appender of type [ch.qos.logback.core.ConsoleAppender]
07:39:17,642 |-INFO in ch.qos.logback.core.joran.action.AppenderAction - Naming appender as [STDOUT]
07:39:17,656 |-INFO in ch.qos.logback.core.joran.action.NestedComplexPropertyIA - Assuming default type [ch.qos.logback.classic.encoder.PatternLayoutEncoder] for [encoder] property
07:39:17,686 |-INFO in ch.qos.logback.classic.joran.action.LoggerAction - Setting level of logger [net.sourceforge.cobertura] to INFO
07:39:17,686 |-INFO in ch.qos.logback.classic.joran.action.RootLoggerAction - Setting level of ROOT logger to DEBUG
07:39:17,686 |-INFO in ch.qos.logback.core.joran.action.AppenderRefAction - Attaching appender named [STDOUT] to Logger[ROOT]
07:39:17,686 |-INFO in ch.qos.logback.classic.joran.action.ConfigurationAction - End of configuration.
07:39:17,687 |-INFO in ch.qos.logback.classic.joran.JoranConfigurator@7ac7a4e4 - Registering current configuration as safe fallback point

]]></system-out>

      <system-err><![CDATA[]]></system-err>

  </testsuite>
  <testsuite errors="0" failures="0" hostname="INPriya.local" id="2" name="CatalogTest" package="com.twu.biblioteca" skipped="0" tests="7" time="0.182" timestamp="2015-09-08T02:09:18">
      <properties>
[...]
</properties>

      <testcase classname="com.twu.biblioteca.CatalogTest" name="shouldReturnTrueIfListContainsBook" time="0.141" />

      <testcase classname="com.twu.biblioteca.CatalogTest" name="shouldContainNotContainExtraBooksAddedInList" time="0.0" />

      <testcase classname="com.twu.biblioteca.CatalogTest" name="shouldContainAllBooksAddedInList" time="0.0" />

      <testcase classname="com.twu.biblioteca.CatalogTest" name="shouldReturnBookIfCatalogHasSingleBook" time="0.001" />

      <testcase classname="com.twu.biblioteca.CatalogTest" name="shouldAddBookToList" time="0.0" />

      <testcase classname="com.twu.biblioteca.CatalogTest" name="shouldNotReturnTrueIfListContainsBook" time="0.0" />

      <testcase classname="com.twu.biblioteca.CatalogTest" name="shouldReturnEmptyStringIfEmpty" time="0.001" />

      <system-out><![CDATA[07:39:19,021 |-INFO in ch.qos.logback.classic.LoggerContext[default] - Could NOT find resource [logback.groovy]
07:39:19,021 |-INFO in ch.qos.logback.classic.LoggerContext[default] - Could NOT find resource [logback-test.xml]
07:39:19,021 |-INFO in ch.qos.logback.classic.LoggerContext[default] - Found resource [logback.xml] at [jar:file:/Users/admin/TWU_Biblioteca-master/cobertura-2.1.1-sources.jar!/logback.xml]
07:39:19,022 |-WARN in ch.qos.logback.classic.LoggerContext[default] - Resource [logback.xml] occurs multiple times on the classpath.
07:39:19,022 |-WARN in ch.qos.logback.classic.LoggerContext[default] - Resource [logback.xml] occurs at [jar:file:/Users/admin/TWU_Biblioteca-master/cobertura-2.1.1.jar!/logback.xml]
07:39:19,022 |-WARN in ch.qos.logback.classic.LoggerContext[default] - Resource [logback.xml] occurs at [jar:file:/Users/admin/TWU_Biblioteca-master/cobertura-2.1.1-sources.jar!/logback.xml]
07:39:19,022 |-WARN in ch.qos.logback.classic.LoggerContext[default] - Resource [logback.xml] occurs at [jar:file:/Users/admin/TWU_Biblioteca-master/lib/cobertura-2.1.1.jar!/logback.xml]
07:39:19,022 |-WARN in ch.qos.logback.classic.LoggerContext[default] - Resource [logback.xml] occurs at [jar:file:/Users/admin/TWU_Biblioteca-master/lib/cobertura-2.1.1-sources.jar!/logback.xml]
07:39:19,035 |-INFO in ch.qos.logback.core.joran.spi.ConfigurationWatchList@548b7f67 - URL [jar:file:/Users/admin/TWU_Biblioteca-master/cobertura-2.1.1-sources.jar!/logback.xml] is not of type file
07:39:19,068 |-INFO in ch.qos.logback.classic.joran.action.ConfigurationAction - debug attribute not set
07:39:19,069 |-INFO in ch.qos.logback.core.joran.action.AppenderAction - About to instantiate appender of type [ch.qos.logback.core.ConsoleAppender]
07:39:19,074 |-INFO in ch.qos.logback.core.joran.action.AppenderAction - Naming appender as [STDOUT]
07:39:19,088 |-INFO in ch.qos.logback.core.joran.action.NestedComplexPropertyIA - Assuming default type [ch.qos.logback.classic.encoder.PatternLayoutEncoder] for [encoder] property
07:39:19,115 |-INFO in ch.qos.logback.classic.joran.action.LoggerAction - Setting level of logger [net.sourceforge.cobertura] to INFO
07:39:19,115 |-INFO in ch.qos.logback.classic.joran.action.RootLoggerAction - Setting level of ROOT logger to DEBUG
07:39:19,115 |-INFO in ch.qos.logback.core.joran.action.AppenderRefAction - Attaching appender named [STDOUT] to Logger[ROOT]
07:39:19,115 |-INFO in ch.qos.logback.classic.joran.action.ConfigurationAction - End of configuration.
07:39:19,116 |-INFO in ch.qos.logback.classic.joran.JoranConfigurator@7ac7a4e4 - Registering current configuration as safe fallback point

]]></system-out>

      <system-err><![CDATA[]]></system-err>

  </testsuite>
  <testsuite errors="0" failures="0" hostname="INPriya.local" id="3" name="ConsoleDisplayTest" package="com.twu.biblioteca" skipped="0" tests="2" time="0.187" timestamp="2015-09-08T02:09:20">
      <properties>
[...]
</properties>

      <testcase classname="com.twu.biblioteca.ConsoleDisplayTest" name="shouldGetIntegerFromInputStream" time="0.146" />

      <testcase classname="com.twu.biblioteca.ConsoleDisplayTest" name="shouldPrintObjectsToStringOutput" time="0.001" />

      <system-out><![CDATA[07:39:20,445 |-INFO in ch.qos.logback.classic.LoggerContext[default] - Could NOT find resource [logback.groovy]
07:39:20,445 |-INFO in ch.qos.logback.classic.LoggerContext[default] - Could NOT find resource [logback-test.xml]
07:39:20,445 |-INFO in ch.qos.logback.classic.LoggerContext[default] - Found resource [logback.xml] at [jar:file:/Users/admin/TWU_Biblioteca-master/cobertura-2.1.1-sources.jar!/logback.xml]
07:39:20,446 |-WARN in ch.qos.logback.classic.LoggerContext[default] - Resource [logback.xml] occurs multiple times on the classpath.
07:39:20,446 |-WARN in ch.qos.logback.classic.LoggerContext[default] - Resource [logback.xml] occurs at [jar:file:/Users/admin/TWU_Biblioteca-master/cobertura-2.1.1.jar!/logback.xml]
07:39:20,446 |-WARN in ch.qos.logback.classic.LoggerContext[default] - Resource [logback.xml] occurs at [jar:file:/Users/admin/TWU_Biblioteca-master/cobertura-2.1.1-sources.jar!/logback.xml]
07:39:20,446 |-WARN in ch.qos.logback.classic.LoggerContext[default] - Resource [logback.xml] occurs at [jar:file:/Users/admin/TWU_Biblioteca-master/lib/cobertura-2.1.1.jar!/logback.xml]
07:39:20,446 |-WARN in ch.qos.logback.classic.LoggerContext[default] - Resource [logback.xml] occurs at [jar:file:/Users/admin/TWU_Biblioteca-master/lib/cobertura-2.1.1-sources.jar!/logback.xml]
07:39:20,467 |-INFO in ch.qos.logback.core.joran.spi.ConfigurationWatchList@548b7f67 - URL [jar:file:/Users/admin/TWU_Biblioteca-master/cobertura-2.1.1-sources.jar!/logback.xml] is not of type file
07:39:20,504 |-INFO in ch.qos.logback.classic.joran.action.ConfigurationAction - debug attribute not set
07:39:20,505 |-INFO in ch.qos.logback.core.joran.action.AppenderAction - About to instantiate appender of type [ch.qos.logback.core.ConsoleAppender]
07:39:20,510 |-INFO in ch.qos.logback.core.joran.action.AppenderAction - Naming appender as [STDOUT]
07:39:20,524 |-INFO in ch.qos.logback.core.joran.action.NestedComplexPropertyIA - Assuming default type [ch.qos.logback.classic.encoder.PatternLayoutEncoder] for [encoder] property
07:39:20,549 |-INFO in ch.qos.logback.classic.joran.action.LoggerAction - Setting level of logger [net.sourceforge.cobertura] to INFO
07:39:20,549 |-INFO in ch.qos.logback.classic.joran.action.RootLoggerAction - Setting level of ROOT logger to DEBUG
07:39:20,549 |-INFO in ch.qos.logback.core.joran.action.AppenderRefAction - Attaching appender named [STDOUT] to Logger[ROOT]
07:39:20,550 |-INFO in ch.qos.logback.classic.joran.action.ConfigurationAction - End of configuration.
07:39:20,551 |-INFO in ch.qos.logback.classic.joran.JoranConfigurator@7ac7a4e4 - Registering current configuration as safe fallback point

]]></system-out>

      <system-err><![CDATA[]]></system-err>

  </testsuite>
  <testsuite errors="0" failures="0" hostname="INPriya.local" id="4" name="ControllerTest" package="com.twu.biblioteca" skipped="0" tests="2" time="0.277" timestamp="2015-09-08T02:09:21">
      <properties>
[...]
</properties>

      <testcase classname="com.twu.biblioteca.ControllerTest" name="shouldReturnNewControllerWithMenu" time="0.146" />

      <testcase classname="com.twu.biblioteca.ControllerTest" name="shouldPrintCurrentObject" time="0.09" />

      <system-out><![CDATA[07:39:21,897 |-INFO in ch.qos.logback.classic.LoggerContext[default] - Could NOT find resource [logback.groovy]
07:39:21,897 |-INFO in ch.qos.logback.classic.LoggerContext[default] - Could NOT find resource [logback-test.xml]
07:39:21,897 |-INFO in ch.qos.logback.classic.LoggerContext[default] - Found resource [logback.xml] at [jar:file:/Users/admin/TWU_Biblioteca-master/cobertura-2.1.1-sources.jar!/logback.xml]
07:39:21,898 |-WARN in ch.qos.logback.classic.LoggerContext[default] - Resource [logback.xml] occurs multiple times on the classpath.
07:39:21,898 |-WARN in ch.qos.logback.classic.LoggerContext[default] - Resource [logback.xml] occurs at [jar:file:/Users/admin/TWU_Biblioteca-master/cobertura-2.1.1.jar!/logback.xml]
07:39:21,898 |-WARN in ch.qos.logback.classic.LoggerContext[default] - Resource [logback.xml] occurs at [jar:file:/Users/admin/TWU_Biblioteca-master/cobertura-2.1.1-sources.jar!/logback.xml]
07:39:21,898 |-WARN in ch.qos.logback.classic.LoggerContext[default] - Resource [logback.xml] occurs at [jar:file:/Users/admin/TWU_Biblioteca-master/lib/cobertura-2.1.1.jar!/logback.xml]
07:39:21,898 |-WARN in ch.qos.logback.classic.LoggerContext[default] - Resource [logback.xml] occurs at [jar:file:/Users/admin/TWU_Biblioteca-master/lib/cobertura-2.1.1-sources.jar!/logback.xml]
07:39:21,911 |-INFO in ch.qos.logback.core.joran.spi.ConfigurationWatchList@548b7f67 - URL [jar:file:/Users/admin/TWU_Biblioteca-master/cobertura-2.1.1-sources.jar!/logback.xml] is not of type file
07:39:21,942 |-INFO in ch.qos.logback.classic.joran.action.ConfigurationAction - debug attribute not set
07:39:21,944 |-INFO in ch.qos.logback.core.joran.action.AppenderAction - About to instantiate appender of type [ch.qos.logback.core.ConsoleAppender]
07:39:21,949 |-INFO in ch.qos.logback.core.joran.action.AppenderAction - Naming appender as [STDOUT]
07:39:21,963 |-INFO in ch.qos.logback.core.joran.action.NestedComplexPropertyIA - Assuming default type [ch.qos.logback.classic.encoder.PatternLayoutEncoder] for [encoder] property
07:39:21,991 |-INFO in ch.qos.logback.classic.joran.action.LoggerAction - Setting level of logger [net.sourceforge.cobertura] to INFO
07:39:21,991 |-INFO in ch.qos.logback.classic.joran.action.RootLoggerAction - Setting level of ROOT logger to DEBUG
07:39:21,991 |-INFO in ch.qos.logback.core.joran.action.AppenderRefAction - Attaching appender named [STDOUT] to Logger[ROOT]
07:39:21,991 |-INFO in ch.qos.logback.classic.joran.action.ConfigurationAction - End of configuration.
07:39:21,992 |-INFO in ch.qos.logback.classic.joran.JoranConfigurator@7ac7a4e4 - Registering current configuration as safe fallback point

]]></system-out>

      <system-err><![CDATA[]]></system-err>

  </testsuite>
  <testsuite errors="0" failures="0" hostname="INPriya.local" id="5" name="MenuControllerTest" package="com.twu.biblioteca" skipped="0" tests="3" time="0.186" timestamp="2015-09-08T02:09:23">
      <properties>
[...]
</properties>

      <testcase classname="com.twu.biblioteca.MenuControllerTest" name="shouldReturnCatalogIfChoiceIsOne" time="0.147" />

      <testcase classname="com.twu.biblioteca.MenuControllerTest" name="shouldReturnInvalidCommandIfChoiceIsNeitherOneNorTwo" time="0.001" />

      <testcase classname="com.twu.biblioteca.MenuControllerTest" name="shouldPrintCurrentObject" time="0.001" />

      <system-out><![CDATA[07:39:23,413 |-INFO in ch.qos.logback.classic.LoggerContext[default] - Could NOT find resource [logback.groovy]
07:39:23,413 |-INFO in ch.qos.logback.classic.LoggerContext[default] - Could NOT find resource [logback-test.xml]
07:39:23,413 |-INFO in ch.qos.logback.classic.LoggerContext[default] - Found resource [logback.xml] at [jar:file:/Users/admin/TWU_Biblioteca-master/cobertura-2.1.1-sources.jar!/logback.xml]
07:39:23,413 |-WARN in ch.qos.logback.classic.LoggerContext[default] - Resource [logback.xml] occurs multiple times on the classpath.
07:39:23,413 |-WARN in ch.qos.logback.classic.LoggerContext[default] - Resource [logback.xml] occurs at [jar:file:/Users/admin/TWU_Biblioteca-master/cobertura-2.1.1.jar!/logback.xml]
07:39:23,413 |-WARN in ch.qos.logback.classic.LoggerContext[default] - Resource [logback.xml] occurs at [jar:file:/Users/admin/TWU_Biblioteca-master/cobertura-2.1.1-sources.jar!/logback.xml]
07:39:23,413 |-WARN in ch.qos.logback.classic.LoggerContext[default] - Resource [logback.xml] occurs at [jar:file:/Users/admin/TWU_Biblioteca-master/lib/cobertura-2.1.1.jar!/logback.xml]
07:39:23,414 |-WARN in ch.qos.logback.classic.LoggerContext[default] - Resource [logback.xml] occurs at [jar:file:/Users/admin/TWU_Biblioteca-master/lib/cobertura-2.1.1-sources.jar!/logback.xml]
07:39:23,429 |-INFO in ch.qos.logback.core.joran.spi.ConfigurationWatchList@548b7f67 - URL [jar:file:/Users/admin/TWU_Biblioteca-master/cobertura-2.1.1-sources.jar!/logback.xml] is not of type file
07:39:23,463 |-INFO in ch.qos.logback.classic.joran.action.ConfigurationAction - debug attribute not set
07:39:23,464 |-INFO in ch.qos.logback.core.joran.action.AppenderAction - About to instantiate appender of type [ch.qos.logback.core.ConsoleAppender]
07:39:23,471 |-INFO in ch.qos.logback.core.joran.action.AppenderAction - Naming appender as [STDOUT]
07:39:23,486 |-INFO in ch.qos.logback.core.joran.action.NestedComplexPropertyIA - Assuming default type [ch.qos.logback.classic.encoder.PatternLayoutEncoder] for [encoder] property
07:39:23,510 |-INFO in ch.qos.logback.classic.joran.action.LoggerAction - Setting level of logger [net.sourceforge.cobertura] to INFO
07:39:23,510 |-INFO in ch.qos.logback.classic.joran.action.RootLoggerAction - Setting level of ROOT logger to DEBUG
07:39:23,510 |-INFO in ch.qos.logback.core.joran.action.AppenderRefAction - Attaching appender named [STDOUT] to Logger[ROOT]
07:39:23,511 |-INFO in ch.qos.logback.classic.joran.action.ConfigurationAction - End of configuration.
07:39:23,511 |-INFO in ch.qos.logback.classic.joran.JoranConfigurator@7ac7a4e4 - Registering current configuration as safe fallback point

[1. List Books, 2. quit, 3. CheckOut Book]

]]></system-out>

      <system-err><![CDATA[]]></system-err>

  </testsuite>
  <testsuite errors="0" failures="0" hostname="INPriya.local" id="6" name="MenuTest" package="com.twu.biblioteca" skipped="0" tests="4" time="0.281" timestamp="2015-09-08T02:09:24">
      <properties>
[...]
</properties>

      <testcase classname="com.twu.biblioteca.MenuTest" name="shouldReturnListAsString" time="0.136" />

      <testcase classname="com.twu.biblioteca.MenuTest" name="shouldExitOnQuit" time="0.104" />

      <testcase classname="com.twu.biblioteca.MenuTest" name="shouldReturnCatalogOnSelectFirstOption" time="0.001" />

      <testcase classname="com.twu.biblioteca.MenuTest" name="shouldReturnInvalidMessageOnWrongMenuSelection" time="0.0" />

      <system-out><![CDATA[07:39:24,847 |-INFO in ch.qos.logback.classic.LoggerContext[default] - Could NOT find resource [logback.groovy]
07:39:24,848 |-INFO in ch.qos.logback.classic.LoggerContext[default] - Could NOT find resource [logback-test.xml]
07:39:24,848 |-INFO in ch.qos.logback.classic.LoggerContext[default] - Found resource [logback.xml] at [jar:file:/Users/admin/TWU_Biblioteca-master/cobertura-2.1.1-sources.jar!/logback.xml]
07:39:24,848 |-WARN in ch.qos.logback.classic.LoggerContext[default] - Resource [logback.xml] occurs multiple times on the classpath.
07:39:24,848 |-WARN in ch.qos.logback.classic.LoggerContext[default] - Resource [logback.xml] occurs at [jar:file:/Users/admin/TWU_Biblioteca-master/cobertura-2.1.1.jar!/logback.xml]
07:39:24,848 |-WARN in ch.qos.logback.classic.LoggerContext[default] - Resource [logback.xml] occurs at [jar:file:/Users/admin/TWU_Biblioteca-master/cobertura-2.1.1-sources.jar!/logback.xml]
07:39:24,848 |-WARN in ch.qos.logback.classic.LoggerContext[default] - Resource [logback.xml] occurs at [jar:file:/Users/admin/TWU_Biblioteca-master/lib/cobertura-2.1.1.jar!/logback.xml]
07:39:24,848 |-WARN in ch.qos.logback.classic.LoggerContext[default] - Resource [logback.xml] occurs at [jar:file:/Users/admin/TWU_Biblioteca-master/lib/cobertura-2.1.1-sources.jar!/logback.xml]
07:39:24,864 |-INFO in ch.qos.logback.core.joran.spi.ConfigurationWatchList@548b7f67 - URL [jar:file:/Users/admin/TWU_Biblioteca-master/cobertura-2.1.1-sources.jar!/logback.xml] is not of type file
07:39:24,899 |-INFO in ch.qos.logback.classic.joran.action.ConfigurationAction - debug attribute not set
07:39:24,899 |-INFO in ch.qos.logback.core.joran.action.AppenderAction - About to instantiate appender of type [ch.qos.logback.core.ConsoleAppender]
07:39:24,905 |-INFO in ch.qos.logback.core.joran.action.AppenderAction - Naming appender as [STDOUT]
07:39:24,919 |-INFO in ch.qos.logback.core.joran.action.NestedComplexPropertyIA - Assuming default type [ch.qos.logback.classic.encoder.PatternLayoutEncoder] for [encoder] property
07:39:24,945 |-INFO in ch.qos.logback.classic.joran.action.LoggerAction - Setting level of logger [net.sourceforge.cobertura] to INFO
07:39:24,945 |-INFO in ch.qos.logback.classic.joran.action.RootLoggerAction - Setting level of ROOT logger to DEBUG
07:39:24,945 |-INFO in ch.qos.logback.core.joran.action.AppenderRefAction - Attaching appender named [STDOUT] to Logger[ROOT]
07:39:24,945 |-INFO in ch.qos.logback.classic.joran.action.ConfigurationAction - End of configuration.
07:39:24,946 |-INFO in ch.qos.logback.classic.joran.JoranConfigurator@7ac7a4e4 - Registering current configuration as safe fallback point

]]></system-out>

      <system-err><![CDATA[]]></system-err>

  </testsuite>
  <testsuite errors="0" failures="0" hostname="INPriya.local" id="7" name="WelcomeScreenTest" package="com.twu.biblioteca" skipped="0" tests="2" time="0.174" timestamp="2015-09-08T02:09:26">
      <properties>
[...]
</properties>

      <testcase classname="com.twu.biblioteca.WelcomeScreenTest" name="shouldReturnWelcomeMessage" time="0.136" />

      <testcase classname="com.twu.biblioteca.WelcomeScreenTest" name="shouldReturnWelcomeMessageOnToString" time="0.0" />

      <system-out><![CDATA[07:39:26,378 |-INFO in ch.qos.logback.classic.LoggerContext[default] - Could NOT find resource [logback.groovy]
07:39:26,378 |-INFO in ch.qos.logback.classic.LoggerContext[default] - Could NOT find resource [logback-test.xml]
07:39:26,378 |-INFO in ch.qos.logback.classic.LoggerContext[default] - Found resource [logback.xml] at [jar:file:/Users/admin/TWU_Biblioteca-master/cobertura-2.1.1-sources.jar!/logback.xml]
07:39:26,379 |-WARN in ch.qos.logback.classic.LoggerContext[default] - Resource [logback.xml] occurs multiple times on the classpath.
07:39:26,379 |-WARN in ch.qos.logback.classic.LoggerContext[default] - Resource [logback.xml] occurs at [jar:file:/Users/admin/TWU_Biblioteca-master/cobertura-2.1.1.jar!/logback.xml]
07:39:26,379 |-WARN in ch.qos.logback.classic.LoggerContext[default] - Resource [logback.xml] occurs at [jar:file:/Users/admin/TWU_Biblioteca-master/cobertura-2.1.1-sources.jar!/logback.xml]
07:39:26,379 |-WARN in ch.qos.logback.classic.LoggerContext[default] - Resource [logback.xml] occurs at [jar:file:/Users/admin/TWU_Biblioteca-master/lib/cobertura-2.1.1.jar!/logback.xml]
07:39:26,379 |-WARN in ch.qos.logback.classic.LoggerContext[default] - Resource [logback.xml] occurs at [jar:file:/Users/admin/TWU_Biblioteca-master/lib/cobertura-2.1.1-sources.jar!/logback.xml]
07:39:26,391 |-INFO in ch.qos.logback.core.joran.spi.ConfigurationWatchList@548b7f67 - URL [jar:file:/Users/admin/TWU_Biblioteca-master/cobertura-2.1.1-sources.jar!/logback.xml] is not of type file
07:39:26,425 |-INFO in ch.qos.logback.classic.joran.action.ConfigurationAction - debug attribute not set
07:39:26,428 |-INFO in ch.qos.logback.core.joran.action.AppenderAction - About to instantiate appender of type [ch.qos.logback.core.ConsoleAppender]
07:39:26,433 |-INFO in ch.qos.logback.core.joran.action.AppenderAction - Naming appender as [STDOUT]
07:39:26,448 |-INFO in ch.qos.logback.core.joran.action.NestedComplexPropertyIA - Assuming default type [ch.qos.logback.classic.encoder.PatternLayoutEncoder] for [encoder] property
07:39:26,474 |-INFO in ch.qos.logback.classic.joran.action.LoggerAction - Setting level of logger [net.sourceforge.cobertura] to INFO
07:39:26,474 |-INFO in ch.qos.logback.classic.joran.action.RootLoggerAction - Setting level of ROOT logger to DEBUG
07:39:26,474 |-INFO in ch.qos.logback.core.joran.action.AppenderRefAction - Attaching appender named [STDOUT] to Logger[ROOT]
07:39:26,475 |-INFO in ch.qos.logback.classic.joran.action.ConfigurationAction - End of configuration.
07:39:26,475 |-INFO in ch.qos.logback.classic.joran.JoranConfigurator@7ac7a4e4 - Registering current configuration as safe fallback point

]]></system-out>

      <system-err><![CDATA[]]></system-err>

  </testsuite>
</testsuites>
