<?xml version="1.0" encoding="UTF-8" ?>
<testsuites>
  <testsuite errors="0" failures="0" hostname="INPriya.local" id="0" name="BookDetailsTest" package="com.twu.biblioteca" skipped="0" tests="1" time="0.193" timestamp="2015-09-09T16:28:18">
      <properties>
[...]
</properties>

      <testcase classname="com.twu.biblioteca.BookDetailsTest" name="shouldReturnConcatenatedStringOfBook" time="0.155" />

      <system-out><![CDATA[21:58:18,467 |-INFO in ch.qos.logback.classic.LoggerContext[default] - Could NOT find resource [logback.groovy]
21:58:18,468 |-INFO in ch.qos.logback.classic.LoggerContext[default] - Could NOT find resource [logback-test.xml]
21:58:18,468 |-INFO in ch.qos.logback.classic.LoggerContext[default] - Found resource [logback.xml] at [jar:file:/Users/admin/TWU_Biblioteca-master/cobertura-2.1.1-sources.jar!/logback.xml]
21:58:18,468 |-WARN in ch.qos.logback.classic.LoggerContext[default] - Resource [logback.xml] occurs multiple times on the classpath.
21:58:18,469 |-WARN in ch.qos.logback.classic.LoggerContext[default] - Resource [logback.xml] occurs at [jar:file:/Users/admin/TWU_Biblioteca-master/cobertura-2.1.1.jar!/logback.xml]
21:58:18,469 |-WARN in ch.qos.logback.classic.LoggerContext[default] - Resource [logback.xml] occurs at [jar:file:/Users/admin/TWU_Biblioteca-master/cobertura-2.1.1-sources.jar!/logback.xml]
21:58:18,469 |-WARN in ch.qos.logback.classic.LoggerContext[default] - Resource [logback.xml] occurs at [jar:file:/Users/admin/TWU_Biblioteca-master/lib/cobertura-2.1.1.jar!/logback.xml]
21:58:18,469 |-WARN in ch.qos.logback.classic.LoggerContext[default] - Resource [logback.xml] occurs at [jar:file:/Users/admin/TWU_Biblioteca-master/lib/cobertura-2.1.1-sources.jar!/logback.xml]
21:58:18,482 |-INFO in ch.qos.logback.core.joran.spi.ConfigurationWatchList@548b7f67 - URL [jar:file:/Users/admin/TWU_Biblioteca-master/cobertura-2.1.1-sources.jar!/logback.xml] is not of type file
21:58:18,516 |-INFO in ch.qos.logback.classic.joran.action.ConfigurationAction - debug attribute not set
21:58:18,519 |-INFO in ch.qos.logback.core.joran.action.AppenderAction - About to instantiate appender of type [ch.qos.logback.core.ConsoleAppender]
21:58:18,527 |-INFO in ch.qos.logback.core.joran.action.AppenderAction - Naming appender as [STDOUT]
21:58:18,548 |-INFO in ch.qos.logback.core.joran.action.NestedComplexPropertyIA - Assuming default type [ch.qos.logback.classic.encoder.PatternLayoutEncoder] for [encoder] property
21:58:18,575 |-INFO in ch.qos.logback.classic.joran.action.LoggerAction - Setting level of logger [net.sourceforge.cobertura] to INFO
21:58:18,575 |-INFO in ch.qos.logback.classic.joran.action.RootLoggerAction - Setting level of ROOT logger to DEBUG
21:58:18,575 |-INFO in ch.qos.logback.core.joran.action.AppenderRefAction - Attaching appender named [STDOUT] to Logger[ROOT]
21:58:18,576 |-INFO in ch.qos.logback.classic.joran.action.ConfigurationAction - End of configuration.
21:58:18,576 |-INFO in ch.qos.logback.classic.joran.JoranConfigurator@7ac7a4e4 - Registering current configuration as safe fallback point

]]></system-out>

      <system-err><![CDATA[]]></system-err>

  </testsuite>
  <testsuite errors="0" failures="0" hostname="INPriya.local" id="1" name="BookLibraryOperationTest" package="com.twu.biblioteca" skipped="0" tests="5" time="0.316" timestamp="2015-09-09T16:28:19">
      <properties>
[...]
</properties>

      <testcase classname="com.twu.biblioteca.BookLibraryOperationTest" name="shouldCheckIfBookIsAvailableForExecuteCheckout" time="0.265" />

      <testcase classname="com.twu.biblioteca.BookLibraryOperationTest" name="shouldPrintFailureMessageForUnSuccessfulCheckout" time="0.002" />

      <testcase classname="com.twu.biblioteca.BookLibraryOperationTest" name="shouldCheckoutBookIfAvailable" time="0.001" />

      <testcase classname="com.twu.biblioteca.BookLibraryOperationTest" name="shouldNotCheckoutBookIfNotAvailable" time="0.001" />

      <testcase classname="com.twu.biblioteca.BookLibraryOperationTest" name="shouldPrintSuccessMessageForSuccessfulCheckout" time="0.001" />

      <system-out><![CDATA[21:58:20,066 |-INFO in ch.qos.logback.classic.LoggerContext[default] - Could NOT find resource [logback.groovy]
21:58:20,066 |-INFO in ch.qos.logback.classic.LoggerContext[default] - Could NOT find resource [logback-test.xml]
21:58:20,066 |-INFO in ch.qos.logback.classic.LoggerContext[default] - Found resource [logback.xml] at [jar:file:/Users/admin/TWU_Biblioteca-master/cobertura-2.1.1-sources.jar!/logback.xml]
21:58:20,067 |-WARN in ch.qos.logback.classic.LoggerContext[default] - Resource [logback.xml] occurs multiple times on the classpath.
21:58:20,067 |-WARN in ch.qos.logback.classic.LoggerContext[default] - Resource [logback.xml] occurs at [jar:file:/Users/admin/TWU_Biblioteca-master/cobertura-2.1.1.jar!/logback.xml]
21:58:20,067 |-WARN in ch.qos.logback.classic.LoggerContext[default] - Resource [logback.xml] occurs at [jar:file:/Users/admin/TWU_Biblioteca-master/cobertura-2.1.1-sources.jar!/logback.xml]
21:58:20,067 |-WARN in ch.qos.logback.classic.LoggerContext[default] - Resource [logback.xml] occurs at [jar:file:/Users/admin/TWU_Biblioteca-master/lib/cobertura-2.1.1.jar!/logback.xml]
21:58:20,067 |-WARN in ch.qos.logback.classic.LoggerContext[default] - Resource [logback.xml] occurs at [jar:file:/Users/admin/TWU_Biblioteca-master/lib/cobertura-2.1.1-sources.jar!/logback.xml]
21:58:20,076 |-INFO in ch.qos.logback.core.joran.spi.ConfigurationWatchList@1d8d30f7 - URL [jar:file:/Users/admin/TWU_Biblioteca-master/cobertura-2.1.1-sources.jar!/logback.xml] is not of type file
21:58:20,107 |-INFO in ch.qos.logback.classic.joran.action.ConfigurationAction - debug attribute not set
21:58:20,107 |-INFO in ch.qos.logback.core.joran.action.AppenderAction - About to instantiate appender of type [ch.qos.logback.core.ConsoleAppender]
21:58:20,112 |-INFO in ch.qos.logback.core.joran.action.AppenderAction - Naming appender as [STDOUT]
21:58:20,127 |-INFO in ch.qos.logback.core.joran.action.NestedComplexPropertyIA - Assuming default type [ch.qos.logback.classic.encoder.PatternLayoutEncoder] for [encoder] property
21:58:20,152 |-INFO in ch.qos.logback.classic.joran.action.LoggerAction - Setting level of logger [net.sourceforge.cobertura] to INFO
21:58:20,152 |-INFO in ch.qos.logback.classic.joran.action.RootLoggerAction - Setting level of ROOT logger to DEBUG
21:58:20,152 |-INFO in ch.qos.logback.core.joran.action.AppenderRefAction - Attaching appender named [STDOUT] to Logger[ROOT]
21:58:20,153 |-INFO in ch.qos.logback.classic.joran.action.ConfigurationAction - End of configuration.
21:58:20,153 |-INFO in ch.qos.logback.classic.joran.JoranConfigurator@3e57cd70 - Registering current configuration as safe fallback point

]]></system-out>

      <system-err><![CDATA[]]></system-err>

  </testsuite>
  <testsuite errors="0" failures="0" hostname="INPriya.local" id="2" name="BookLibraryTest" package="com.twu.biblioteca" skipped="0" tests="6" time="0.204" timestamp="2015-09-09T16:28:21">
      <properties>
[...]
</properties>

      <testcase classname="com.twu.biblioteca.BookLibraryTest" name="shouldCheckIfBookIsReturnable" time="0.158" />

      <testcase classname="com.twu.biblioteca.BookLibraryTest" name="shouldNotAllowCheckOutOfAlreadyCheckedOutBooks" time="0.0" />

      <testcase classname="com.twu.biblioteca.BookLibraryTest" name="shouldCheckIfBookIsNotInAvailableBookList" time="0.0" />

      <testcase classname="com.twu.biblioteca.BookLibraryTest" name="shouldNotAllowReturnOfAlreadyReturnedBooks" time="0.0" />

      <testcase classname="com.twu.biblioteca.BookLibraryTest" name="shouldCheckIfBookIsNotReturnable" time="0.0" />

      <testcase classname="com.twu.biblioteca.BookLibraryTest" name="shouldCheckIfBookIsInAvailableBookList" time="0.0" />

      <system-out><![CDATA[21:58:21,535 |-INFO in ch.qos.logback.classic.LoggerContext[default] - Could NOT find resource [logback.groovy]
21:58:21,535 |-INFO in ch.qos.logback.classic.LoggerContext[default] - Could NOT find resource [logback-test.xml]
21:58:21,535 |-INFO in ch.qos.logback.classic.LoggerContext[default] - Found resource [logback.xml] at [jar:file:/Users/admin/TWU_Biblioteca-master/cobertura-2.1.1-sources.jar!/logback.xml]
21:58:21,535 |-WARN in ch.qos.logback.classic.LoggerContext[default] - Resource [logback.xml] occurs multiple times on the classpath.
21:58:21,535 |-WARN in ch.qos.logback.classic.LoggerContext[default] - Resource [logback.xml] occurs at [jar:file:/Users/admin/TWU_Biblioteca-master/cobertura-2.1.1.jar!/logback.xml]
21:58:21,535 |-WARN in ch.qos.logback.classic.LoggerContext[default] - Resource [logback.xml] occurs at [jar:file:/Users/admin/TWU_Biblioteca-master/cobertura-2.1.1-sources.jar!/logback.xml]
21:58:21,535 |-WARN in ch.qos.logback.classic.LoggerContext[default] - Resource [logback.xml] occurs at [jar:file:/Users/admin/TWU_Biblioteca-master/lib/cobertura-2.1.1.jar!/logback.xml]
21:58:21,535 |-WARN in ch.qos.logback.classic.LoggerContext[default] - Resource [logback.xml] occurs at [jar:file:/Users/admin/TWU_Biblioteca-master/lib/cobertura-2.1.1-sources.jar!/logback.xml]
21:58:21,548 |-INFO in ch.qos.logback.core.joran.spi.ConfigurationWatchList@548b7f67 - URL [jar:file:/Users/admin/TWU_Biblioteca-master/cobertura-2.1.1-sources.jar!/logback.xml] is not of type file
21:58:21,584 |-INFO in ch.qos.logback.classic.joran.action.ConfigurationAction - debug attribute not set
21:58:21,586 |-INFO in ch.qos.logback.core.joran.action.AppenderAction - About to instantiate appender of type [ch.qos.logback.core.ConsoleAppender]
21:58:21,591 |-INFO in ch.qos.logback.core.joran.action.AppenderAction - Naming appender as [STDOUT]
21:58:21,611 |-INFO in ch.qos.logback.core.joran.action.NestedComplexPropertyIA - Assuming default type [ch.qos.logback.classic.encoder.PatternLayoutEncoder] for [encoder] property
21:58:21,638 |-INFO in ch.qos.logback.classic.joran.action.LoggerAction - Setting level of logger [net.sourceforge.cobertura] to INFO
21:58:21,638 |-INFO in ch.qos.logback.classic.joran.action.RootLoggerAction - Setting level of ROOT logger to DEBUG
21:58:21,638 |-INFO in ch.qos.logback.core.joran.action.AppenderRefAction - Attaching appender named [STDOUT] to Logger[ROOT]
21:58:21,639 |-INFO in ch.qos.logback.classic.joran.action.ConfigurationAction - End of configuration.
21:58:21,639 |-INFO in ch.qos.logback.classic.joran.JoranConfigurator@7ac7a4e4 - Registering current configuration as safe fallback point

]]></system-out>

      <system-err><![CDATA[]]></system-err>

  </testsuite>
  <testsuite errors="0" failures="0" hostname="INPriya.local" id="3" name="ConsoleDisplayTest" package="com.twu.biblioteca" skipped="0" tests="3" time="0.208" timestamp="2015-09-09T16:28:22">
      <properties>
[...]
</properties>

      <testcase classname="com.twu.biblioteca.ConsoleDisplayTest" name="shouldGetIntegerFromInputStream" time="0.165" />

      <testcase classname="com.twu.biblioteca.ConsoleDisplayTest" name="shouldGetStringFromInputStream" time="0.0" />

      <testcase classname="com.twu.biblioteca.ConsoleDisplayTest" name="shouldPrintObjectsToStringOutput" time="0.0" />

      <system-out><![CDATA[21:58:22,981 |-INFO in ch.qos.logback.classic.LoggerContext[default] - Could NOT find resource [logback.groovy]
21:58:22,981 |-INFO in ch.qos.logback.classic.LoggerContext[default] - Could NOT find resource [logback-test.xml]
21:58:22,981 |-INFO in ch.qos.logback.classic.LoggerContext[default] - Found resource [logback.xml] at [jar:file:/Users/admin/TWU_Biblioteca-master/cobertura-2.1.1-sources.jar!/logback.xml]
21:58:22,982 |-WARN in ch.qos.logback.classic.LoggerContext[default] - Resource [logback.xml] occurs multiple times on the classpath.
21:58:22,982 |-WARN in ch.qos.logback.classic.LoggerContext[default] - Resource [logback.xml] occurs at [jar:file:/Users/admin/TWU_Biblioteca-master/cobertura-2.1.1.jar!/logback.xml]
21:58:22,982 |-WARN in ch.qos.logback.classic.LoggerContext[default] - Resource [logback.xml] occurs at [jar:file:/Users/admin/TWU_Biblioteca-master/cobertura-2.1.1-sources.jar!/logback.xml]
21:58:22,982 |-WARN in ch.qos.logback.classic.LoggerContext[default] - Resource [logback.xml] occurs at [jar:file:/Users/admin/TWU_Biblioteca-master/lib/cobertura-2.1.1.jar!/logback.xml]
21:58:22,982 |-WARN in ch.qos.logback.classic.LoggerContext[default] - Resource [logback.xml] occurs at [jar:file:/Users/admin/TWU_Biblioteca-master/lib/cobertura-2.1.1-sources.jar!/logback.xml]
21:58:23,005 |-INFO in ch.qos.logback.core.joran.spi.ConfigurationWatchList@548b7f67 - URL [jar:file:/Users/admin/TWU_Biblioteca-master/cobertura-2.1.1-sources.jar!/logback.xml] is not of type file
21:58:23,043 |-INFO in ch.qos.logback.classic.joran.action.ConfigurationAction - debug attribute not set
21:58:23,044 |-INFO in ch.qos.logback.core.joran.action.AppenderAction - About to instantiate appender of type [ch.qos.logback.core.ConsoleAppender]
21:58:23,051 |-INFO in ch.qos.logback.core.joran.action.AppenderAction - Naming appender as [STDOUT]
21:58:23,067 |-INFO in ch.qos.logback.core.joran.action.NestedComplexPropertyIA - Assuming default type [ch.qos.logback.classic.encoder.PatternLayoutEncoder] for [encoder] property
21:58:23,094 |-INFO in ch.qos.logback.classic.joran.action.LoggerAction - Setting level of logger [net.sourceforge.cobertura] to INFO
21:58:23,094 |-INFO in ch.qos.logback.classic.joran.action.RootLoggerAction - Setting level of ROOT logger to DEBUG
21:58:23,094 |-INFO in ch.qos.logback.core.joran.action.AppenderRefAction - Attaching appender named [STDOUT] to Logger[ROOT]
21:58:23,095 |-INFO in ch.qos.logback.classic.joran.action.ConfigurationAction - End of configuration.
21:58:23,095 |-INFO in ch.qos.logback.classic.joran.JoranConfigurator@7ac7a4e4 - Registering current configuration as safe fallback point

]]></system-out>

      <system-err><![CDATA[]]></system-err>

  </testsuite>
  <testsuite errors="0" failures="0" hostname="INPriya.local" id="4" name="ControllerTest" package="com.twu.biblioteca" skipped="0" tests="2" time="0.32" timestamp="2015-09-09T16:28:24">
      <properties>
[...]
</properties>

      <testcase classname="com.twu.biblioteca.ControllerTest" name="shouldReturnNewControllerWithMenu" time="0.17" />

      <testcase classname="com.twu.biblioteca.ControllerTest" name="shouldPrintCurrentObject" time="0.112" />

      <system-out><![CDATA[21:58:24,479 |-INFO in ch.qos.logback.classic.LoggerContext[default] - Could NOT find resource [logback.groovy]
21:58:24,479 |-INFO in ch.qos.logback.classic.LoggerContext[default] - Could NOT find resource [logback-test.xml]
21:58:24,479 |-INFO in ch.qos.logback.classic.LoggerContext[default] - Found resource [logback.xml] at [jar:file:/Users/admin/TWU_Biblioteca-master/cobertura-2.1.1-sources.jar!/logback.xml]
21:58:24,480 |-WARN in ch.qos.logback.classic.LoggerContext[default] - Resource [logback.xml] occurs multiple times on the classpath.
21:58:24,480 |-WARN in ch.qos.logback.classic.LoggerContext[default] - Resource [logback.xml] occurs at [jar:file:/Users/admin/TWU_Biblioteca-master/cobertura-2.1.1.jar!/logback.xml]
21:58:24,480 |-WARN in ch.qos.logback.classic.LoggerContext[default] - Resource [logback.xml] occurs at [jar:file:/Users/admin/TWU_Biblioteca-master/cobertura-2.1.1-sources.jar!/logback.xml]
21:58:24,480 |-WARN in ch.qos.logback.classic.LoggerContext[default] - Resource [logback.xml] occurs at [jar:file:/Users/admin/TWU_Biblioteca-master/lib/cobertura-2.1.1.jar!/logback.xml]
21:58:24,480 |-WARN in ch.qos.logback.classic.LoggerContext[default] - Resource [logback.xml] occurs at [jar:file:/Users/admin/TWU_Biblioteca-master/lib/cobertura-2.1.1-sources.jar!/logback.xml]
21:58:24,496 |-INFO in ch.qos.logback.core.joran.spi.ConfigurationWatchList@548b7f67 - URL [jar:file:/Users/admin/TWU_Biblioteca-master/cobertura-2.1.1-sources.jar!/logback.xml] is not of type file
21:58:24,532 |-INFO in ch.qos.logback.classic.joran.action.ConfigurationAction - debug attribute not set
21:58:24,533 |-INFO in ch.qos.logback.core.joran.action.AppenderAction - About to instantiate appender of type [ch.qos.logback.core.ConsoleAppender]
21:58:24,538 |-INFO in ch.qos.logback.core.joran.action.AppenderAction - Naming appender as [STDOUT]
21:58:24,555 |-INFO in ch.qos.logback.core.joran.action.NestedComplexPropertyIA - Assuming default type [ch.qos.logback.classic.encoder.PatternLayoutEncoder] for [encoder] property
21:58:24,582 |-INFO in ch.qos.logback.classic.joran.action.LoggerAction - Setting level of logger [net.sourceforge.cobertura] to INFO
21:58:24,582 |-INFO in ch.qos.logback.classic.joran.action.RootLoggerAction - Setting level of ROOT logger to DEBUG
21:58:24,582 |-INFO in ch.qos.logback.core.joran.action.AppenderRefAction - Attaching appender named [STDOUT] to Logger[ROOT]
21:58:24,582 |-INFO in ch.qos.logback.classic.joran.action.ConfigurationAction - End of configuration.
21:58:24,583 |-INFO in ch.qos.logback.classic.joran.JoranConfigurator@7ac7a4e4 - Registering current configuration as safe fallback point

]]></system-out>

      <system-err><![CDATA[]]></system-err>

  </testsuite>
  <testsuite errors="1" failures="0" hostname="INPriya.local" id="5" name="MenuControllerTest" package="com.twu.biblioteca" skipped="0" tests="4" time="0.218" timestamp="2015-09-09T16:28:26">
      <properties>
[...]
</properties>

      <testcase classname="com.twu.biblioteca.MenuControllerTest" name="shouldGetChoiceAndReturnControllerWithLibraryDataIfChoiceIsOne" time="0.168" />

      <testcase classname="com.twu.biblioteca.MenuControllerTest" name="shouldCheckOutBookIfChoiceIsThree" time="0.004">
          <error message="No line found" type="java.util.NoSuchElementException">java.util.NoSuchElementException: No line found
	at java.util.Scanner.nextLine(Scanner.java:1540)
	at com.twu.biblioteca.ConsoleDisplay.getString(ConsoleDisplay.java:29)
	at com.twu.biblioteca.BookLibraryOperation.executeCheckout(BookLibraryOperation.java:14)
	at com.twu.biblioteca.MenuController.executeAction(MenuController.java:22)
	at com.twu.biblioteca.MenuControllerTest.shouldCheckOutBookIfChoiceIsThree(MenuControllerTest.java:81)
</error>

      </testcase>

      <testcase classname="com.twu.biblioteca.MenuControllerTest" name="shouldPrintCurrentObject" time="0.0" />

      <testcase classname="com.twu.biblioteca.MenuControllerTest" name="shouldGetChoiceAndReturnControllerIfChoiceIsOne" time="0.001" />

      <system-out><![CDATA[21:58:26,081 |-INFO in ch.qos.logback.classic.LoggerContext[default] - Could NOT find resource [logback.groovy]
21:58:26,081 |-INFO in ch.qos.logback.classic.LoggerContext[default] - Could NOT find resource [logback-test.xml]
21:58:26,081 |-INFO in ch.qos.logback.classic.LoggerContext[default] - Found resource [logback.xml] at [jar:file:/Users/admin/TWU_Biblioteca-master/cobertura-2.1.1-sources.jar!/logback.xml]
21:58:26,082 |-WARN in ch.qos.logback.classic.LoggerContext[default] - Resource [logback.xml] occurs multiple times on the classpath.
21:58:26,082 |-WARN in ch.qos.logback.classic.LoggerContext[default] - Resource [logback.xml] occurs at [jar:file:/Users/admin/TWU_Biblioteca-master/cobertura-2.1.1.jar!/logback.xml]
21:58:26,082 |-WARN in ch.qos.logback.classic.LoggerContext[default] - Resource [logback.xml] occurs at [jar:file:/Users/admin/TWU_Biblioteca-master/cobertura-2.1.1-sources.jar!/logback.xml]
21:58:26,082 |-WARN in ch.qos.logback.classic.LoggerContext[default] - Resource [logback.xml] occurs at [jar:file:/Users/admin/TWU_Biblioteca-master/lib/cobertura-2.1.1.jar!/logback.xml]
21:58:26,082 |-WARN in ch.qos.logback.classic.LoggerContext[default] - Resource [logback.xml] occurs at [jar:file:/Users/admin/TWU_Biblioteca-master/lib/cobertura-2.1.1-sources.jar!/logback.xml]
21:58:26,100 |-INFO in ch.qos.logback.core.joran.spi.ConfigurationWatchList@548b7f67 - URL [jar:file:/Users/admin/TWU_Biblioteca-master/cobertura-2.1.1-sources.jar!/logback.xml] is not of type file
21:58:26,142 |-INFO in ch.qos.logback.classic.joran.action.ConfigurationAction - debug attribute not set
21:58:26,144 |-INFO in ch.qos.logback.core.joran.action.AppenderAction - About to instantiate appender of type [ch.qos.logback.core.ConsoleAppender]
21:58:26,153 |-INFO in ch.qos.logback.core.joran.action.AppenderAction - Naming appender as [STDOUT]
21:58:26,172 |-INFO in ch.qos.logback.core.joran.action.NestedComplexPropertyIA - Assuming default type [ch.qos.logback.classic.encoder.PatternLayoutEncoder] for [encoder] property
21:58:26,197 |-INFO in ch.qos.logback.classic.joran.action.LoggerAction - Setting level of logger [net.sourceforge.cobertura] to INFO
21:58:26,197 |-INFO in ch.qos.logback.classic.joran.action.RootLoggerAction - Setting level of ROOT logger to DEBUG
21:58:26,197 |-INFO in ch.qos.logback.core.joran.action.AppenderRefAction - Attaching appender named [STDOUT] to Logger[ROOT]
21:58:26,198 |-INFO in ch.qos.logback.classic.joran.action.ConfigurationAction - End of configuration.
21:58:26,198 |-INFO in ch.qos.logback.classic.joran.JoranConfigurator@7ac7a4e4 - Registering current configuration as safe fallback point

]]></system-out>

      <system-err><![CDATA[]]></system-err>

  </testsuite>
  <testsuite errors="0" failures="0" hostname="INPriya.local" id="6" name="MenuTest" package="com.twu.biblioteca" skipped="0" tests="1" time="0.2" timestamp="2015-09-09T16:28:27">
      <properties>
[...]
</properties>

      <testcase classname="com.twu.biblioteca.MenuTest" name="shouldReturnListAsString" time="0.162" />

      <system-out><![CDATA[21:58:27,542 |-INFO in ch.qos.logback.classic.LoggerContext[default] - Could NOT find resource [logback.groovy]
21:58:27,542 |-INFO in ch.qos.logback.classic.LoggerContext[default] - Could NOT find resource [logback-test.xml]
21:58:27,542 |-INFO in ch.qos.logback.classic.LoggerContext[default] - Found resource [logback.xml] at [jar:file:/Users/admin/TWU_Biblioteca-master/cobertura-2.1.1-sources.jar!/logback.xml]
21:58:27,543 |-WARN in ch.qos.logback.classic.LoggerContext[default] - Resource [logback.xml] occurs multiple times on the classpath.
21:58:27,543 |-WARN in ch.qos.logback.classic.LoggerContext[default] - Resource [logback.xml] occurs at [jar:file:/Users/admin/TWU_Biblioteca-master/cobertura-2.1.1.jar!/logback.xml]
21:58:27,543 |-WARN in ch.qos.logback.classic.LoggerContext[default] - Resource [logback.xml] occurs at [jar:file:/Users/admin/TWU_Biblioteca-master/cobertura-2.1.1-sources.jar!/logback.xml]
21:58:27,543 |-WARN in ch.qos.logback.classic.LoggerContext[default] - Resource [logback.xml] occurs at [jar:file:/Users/admin/TWU_Biblioteca-master/lib/cobertura-2.1.1.jar!/logback.xml]
21:58:27,543 |-WARN in ch.qos.logback.classic.LoggerContext[default] - Resource [logback.xml] occurs at [jar:file:/Users/admin/TWU_Biblioteca-master/lib/cobertura-2.1.1-sources.jar!/logback.xml]
21:58:27,558 |-INFO in ch.qos.logback.core.joran.spi.ConfigurationWatchList@548b7f67 - URL [jar:file:/Users/admin/TWU_Biblioteca-master/cobertura-2.1.1-sources.jar!/logback.xml] is not of type file
21:58:27,598 |-INFO in ch.qos.logback.classic.joran.action.ConfigurationAction - debug attribute not set
21:58:27,600 |-INFO in ch.qos.logback.core.joran.action.AppenderAction - About to instantiate appender of type [ch.qos.logback.core.ConsoleAppender]
21:58:27,608 |-INFO in ch.qos.logback.core.joran.action.AppenderAction - Naming appender as [STDOUT]
21:58:27,624 |-INFO in ch.qos.logback.core.joran.action.NestedComplexPropertyIA - Assuming default type [ch.qos.logback.classic.encoder.PatternLayoutEncoder] for [encoder] property
21:58:27,655 |-INFO in ch.qos.logback.classic.joran.action.LoggerAction - Setting level of logger [net.sourceforge.cobertura] to INFO
21:58:27,655 |-INFO in ch.qos.logback.classic.joran.action.RootLoggerAction - Setting level of ROOT logger to DEBUG
21:58:27,655 |-INFO in ch.qos.logback.core.joran.action.AppenderRefAction - Attaching appender named [STDOUT] to Logger[ROOT]
21:58:27,656 |-INFO in ch.qos.logback.classic.joran.action.ConfigurationAction - End of configuration.
21:58:27,657 |-INFO in ch.qos.logback.classic.joran.JoranConfigurator@7ac7a4e4 - Registering current configuration as safe fallback point

]]></system-out>

      <system-err><![CDATA[]]></system-err>

  </testsuite>
  <testsuite errors="0" failures="0" hostname="INPriya.local" id="7" name="WelcomeScreenTest" package="com.twu.biblioteca" skipped="0" tests="2" time="0.187" timestamp="2015-09-09T16:28:28">
      <properties>
[...]
</properties>

      <testcase classname="com.twu.biblioteca.WelcomeScreenTest" name="shouldReturnWelcomeMessage" time="0.146" />

      <testcase classname="com.twu.biblioteca.WelcomeScreenTest" name="shouldReturnWelcomeMessageOnToString" time="0.0" />

      <system-out><![CDATA[21:58:29,004 |-INFO in ch.qos.logback.classic.LoggerContext[default] - Could NOT find resource [logback.groovy]
21:58:29,004 |-INFO in ch.qos.logback.classic.LoggerContext[default] - Could NOT find resource [logback-test.xml]
21:58:29,004 |-INFO in ch.qos.logback.classic.LoggerContext[default] - Found resource [logback.xml] at [jar:file:/Users/admin/TWU_Biblioteca-master/cobertura-2.1.1-sources.jar!/logback.xml]
21:58:29,006 |-WARN in ch.qos.logback.classic.LoggerContext[default] - Resource [logback.xml] occurs multiple times on the classpath.
21:58:29,006 |-WARN in ch.qos.logback.classic.LoggerContext[default] - Resource [logback.xml] occurs at [jar:file:/Users/admin/TWU_Biblioteca-master/cobertura-2.1.1.jar!/logback.xml]
21:58:29,006 |-WARN in ch.qos.logback.classic.LoggerContext[default] - Resource [logback.xml] occurs at [jar:file:/Users/admin/TWU_Biblioteca-master/cobertura-2.1.1-sources.jar!/logback.xml]
21:58:29,006 |-WARN in ch.qos.logback.classic.LoggerContext[default] - Resource [logback.xml] occurs at [jar:file:/Users/admin/TWU_Biblioteca-master/lib/cobertura-2.1.1.jar!/logback.xml]
21:58:29,006 |-WARN in ch.qos.logback.classic.LoggerContext[default] - Resource [logback.xml] occurs at [jar:file:/Users/admin/TWU_Biblioteca-master/lib/cobertura-2.1.1-sources.jar!/logback.xml]
21:58:29,028 |-INFO in ch.qos.logback.core.joran.spi.ConfigurationWatchList@548b7f67 - URL [jar:file:/Users/admin/TWU_Biblioteca-master/cobertura-2.1.1-sources.jar!/logback.xml] is not of type file
21:58:29,060 |-INFO in ch.qos.logback.classic.joran.action.ConfigurationAction - debug attribute not set
21:58:29,061 |-INFO in ch.qos.logback.core.joran.action.AppenderAction - About to instantiate appender of type [ch.qos.logback.core.ConsoleAppender]
21:58:29,066 |-INFO in ch.qos.logback.core.joran.action.AppenderAction - Naming appender as [STDOUT]
21:58:29,081 |-INFO in ch.qos.logback.core.joran.action.NestedComplexPropertyIA - Assuming default type [ch.qos.logback.classic.encoder.PatternLayoutEncoder] for [encoder] property
21:58:29,105 |-INFO in ch.qos.logback.classic.joran.action.LoggerAction - Setting level of logger [net.sourceforge.cobertura] to INFO
21:58:29,105 |-INFO in ch.qos.logback.classic.joran.action.RootLoggerAction - Setting level of ROOT logger to DEBUG
21:58:29,105 |-INFO in ch.qos.logback.core.joran.action.AppenderRefAction - Attaching appender named [STDOUT] to Logger[ROOT]
21:58:29,106 |-INFO in ch.qos.logback.classic.joran.action.ConfigurationAction - End of configuration.
21:58:29,106 |-INFO in ch.qos.logback.classic.joran.JoranConfigurator@7ac7a4e4 - Registering current configuration as safe fallback point

]]></system-out>

      <system-err><![CDATA[]]></system-err>

  </testsuite>
</testsuites>
